<?xml version="1.0" encoding="UTF-8"?>
<!-- Generated by org.testng.reporters.JUnitReportReporter -->
<testsuite name="com.qa.crmpro.tests.LoginPageTest" tests="3" time="3.027" ignored="0" failures="0" timestamp="16 Dec 2020 14:36:06 GMT" skipped="0" hostname="DESKTOP-18F4G47" errors="0">
  <testcase name="verifySignUpLinkTest" time="0.570" classname="com.qa.crmpro.tests.LoginPageTest"/>
  <testcase name="loginTest" time="2.439" classname="com.qa.crmpro.tests.LoginPageTest"/>
  <testcase name="verifyLoginPageTitleTest" time="0.018" classname="com.qa.crmpro.tests.LoginPageTest"/>
</testsuite> <!-- com.qa.crmpro.tests.LoginPageTest -->
