<?xml version="1.0" encoding="UTF-8"?>
<!-- Generated by org.testng.reporters.JUnitReportReporter -->
<testsuite name="com.qa.crmpro.tests.LoginPageTest" tests="3" time="3.644" ignored="0" failures="0" timestamp="14 Dec 2020 00:05:00 GMT" skipped="0" hostname="DESKTOP-18F4G47" errors="0">
  <testcase name="verifySignUpLinkTest" time="0.784" classname="com.qa.crmpro.tests.LoginPageTest"/>
  <testcase name="loginTest" time="2.812" classname="com.qa.crmpro.tests.LoginPageTest"/>
  <testcase name="verifyLoginPageTitleTest" time="0.048" classname="com.qa.crmpro.tests.LoginPageTest"/>
</testsuite> <!-- com.qa.crmpro.tests.LoginPageTest -->
